<?xml version="1.0" encoding="UTF-8"?>
<!-- Generated by org.testng.reporters.JUnitReportReporter -->
<testsuite skipped="0" hostname="DESKTOP-U8L3MKN" name="newPackage.TestNGPrograms" tests="1" failures="0" timestamp="09 Mar 2018 06:17:12 GMT" time="0.008" errors="0">
  <testcase name="advancedsearch" time="0.008" classname="newPackage.TestNGPrograms"/>
</testsuite> <!-- newPackage.TestNGPrograms -->
