<?xml version="1.0" encoding="UTF-8"?>
<!-- Generated by org.testng.reporters.JUnitReportReporter -->
<testsuite skipped="0" hostname="DESKTOP-U8L3MKN" name="newPackage.Testng2" tests="8" failures="0" timestamp="23 May 2018 00:31:22 GMT" time="34.000" errors="0">
  <testcase name="search" time="4.074" classname="newPackage.Testng2"/>
  <testcase name="search" time="2.701" classname="newPackage.Testng2"/>
  <testcase name="search" time="2.935" classname="newPackage.Testng2"/>
  <testcase name="search" time="2.144" classname="newPackage.Testng2"/>
  <testcase name="back" time="5.290" classname="newPackage.Testng2"/>
  <testcase name="back" time="5.044" classname="newPackage.Testng2"/>
  <testcase name="back" time="5.576" classname="newPackage.Testng2"/>
  <testcase name="back" time="6.236" classname="newPackage.Testng2"/>
</testsuite> <!-- newPackage.Testng2 -->
